c:\users\sirius\desktop\graphicsprogramming\graphicsprogramming\debug\vc141.pdb
c:\users\sirius\desktop\graphicsprogramming\graphicsprogramming\debug\vc141.idb
c:\users\sirius\desktop\graphicsprogramming\graphicsprogramming\debug\vector3.obj
c:\users\sirius\desktop\graphicsprogramming\graphicsprogramming\debug\toggle.obj
c:\users\sirius\desktop\graphicsprogramming\graphicsprogramming\debug\spotlight.obj
c:\users\sirius\desktop\graphicsprogramming\graphicsprogramming\debug\shape.obj
c:\users\sirius\desktop\graphicsprogramming\graphicsprogramming\debug\shadow.obj
c:\users\sirius\desktop\graphicsprogramming\graphicsprogramming\debug\scene.obj
c:\users\sirius\desktop\graphicsprogramming\graphicsprogramming\debug\prop.obj
c:\users\sirius\desktop\graphicsprogramming\graphicsprogramming\debug\model.obj
c:\users\sirius\desktop\graphicsprogramming\graphicsprogramming\debug\main.obj
c:\users\sirius\desktop\graphicsprogramming\graphicsprogramming\debug\lightball.obj
c:\users\sirius\desktop\graphicsprogramming\graphicsprogramming\debug\input.obj
c:\users\sirius\desktop\graphicsprogramming\graphicsprogramming\debug\geometrytri.obj
c:\users\sirius\desktop\graphicsprogramming\graphicsprogramming\debug\geometryquad.obj
c:\users\sirius\desktop\graphicsprogramming\graphicsprogramming\debug\geometry.obj
c:\users\sirius\desktop\graphicsprogramming\graphicsprogramming\debug\cameralord.obj
c:\users\sirius\desktop\graphicsprogramming\graphicsprogramming\debug\camera.obj
c:\users\sirius\desktop\graphicsprogramming\graphicsprogramming\debug\articulatedplane.obj
c:\users\sirius\desktop\graphicsprogramming\graphicsprogramming\debug\animatedbillboard.obj
h:\users\mcclay\projects\openglfishing\graphicsprogramming\graphicsprogramming\debug\vc141.pdb
h:\users\mcclay\projects\openglfishing\graphicsprogramming\graphicsprogramming\debug\vc141.idb
h:\users\mcclay\projects\openglfishing\graphicsprogramming\graphicsprogramming\debug\vector3.obj
h:\users\mcclay\projects\openglfishing\graphicsprogramming\graphicsprogramming\debug\toggle.obj
h:\users\mcclay\projects\openglfishing\graphicsprogramming\graphicsprogramming\debug\spotlight.obj
h:\users\mcclay\projects\openglfishing\graphicsprogramming\graphicsprogramming\debug\shape.obj
h:\users\mcclay\projects\openglfishing\graphicsprogramming\graphicsprogramming\debug\shadow.obj
h:\users\mcclay\projects\openglfishing\graphicsprogramming\graphicsprogramming\debug\scene.obj
h:\users\mcclay\projects\openglfishing\graphicsprogramming\graphicsprogramming\debug\prop.obj
h:\users\mcclay\projects\openglfishing\graphicsprogramming\graphicsprogramming\debug\model.obj
h:\users\mcclay\projects\openglfishing\graphicsprogramming\graphicsprogramming\debug\main.obj
h:\users\mcclay\projects\openglfishing\graphicsprogramming\graphicsprogramming\debug\lightball.obj
h:\users\mcclay\projects\openglfishing\graphicsprogramming\graphicsprogramming\debug\input.obj
h:\users\mcclay\projects\openglfishing\graphicsprogramming\graphicsprogramming\debug\geometrytri.obj
h:\users\mcclay\projects\openglfishing\graphicsprogramming\graphicsprogramming\debug\geometryquad.obj
h:\users\mcclay\projects\openglfishing\graphicsprogramming\graphicsprogramming\debug\geometry.obj
h:\users\mcclay\projects\openglfishing\graphicsprogramming\graphicsprogramming\debug\cameralord.obj
h:\users\mcclay\projects\openglfishing\graphicsprogramming\graphicsprogramming\debug\camera.obj
h:\users\mcclay\projects\openglfishing\graphicsprogramming\graphicsprogramming\debug\articulatedplane.obj
h:\users\mcclay\projects\openglfishing\graphicsprogramming\graphicsprogramming\debug\animatedbillboard.obj
\\stuhome\homedrive4$\1700774\desktop\graphics coursework\graphicsprogramming\debug\graphicsprogramming.exe
\\stuhome\homedrive4$\1700774\desktop\graphics coursework\graphicsprogramming\debug\graphicsprogramming.ilk
\\stuhome\homedrive4$\1700774\desktop\graphics coursework\graphicsprogramming\debug\graphicsprogramming.pdb
c:\users\sirius\desktop\graphicsprogramming\debug\graphicsprogramming.ilk
c:\users\sirius\desktop\graphicsprogramming\debug\graphicsprogramming.exe
c:\users\sirius\desktop\graphicsprogramming\debug\graphicsprogramming.pdb
h:\users\mcclay\projects\openglfishing\graphicsprogramming\debug\graphicsprogramming.ilk
h:\users\mcclay\projects\openglfishing\graphicsprogramming\debug\graphicsprogramming.exe
h:\users\mcclay\projects\openglfishing\graphicsprogramming\debug\graphicsprogramming.pdb
h:\users\mcclay\projects\openglfishing\graphicsprogramming\graphicsprogramming\debug\cone.obj
h:\users\mcclay\projects\openglfishing\graphicsprogramming\graphicsprogramming\debug\cylinder.obj
h:\users\mcclay\projects\openglfishing\graphicsprogramming\graphicsprogramming\debug\disc.obj
h:\users\mcclay\projects\openglfishing\graphicsprogramming\graphicsprogramming\debug\shape2.obj
h:\users\mcclay\projects\openglfishing\graphicsprogramming\graphicsprogramming\debug\sphere.obj
h:\users\mcclay\projects\openglfishing\graphicsprogramming\graphicsprogramming\debug\wireframemanager.obj
h:\users\mcclay\projects\openglfishing\graphicsprogramming\graphicsprogramming\debug\vc140.idb
h:\users\mcclay\projects\openglfishing\graphicsprogramming\graphicsprogramming\debug\vc140.pdb
h:\users\mcclay\projects\openglfishing\graphicsprogramming\graphicsprogramming\debug\graphics.0b39da7b.tlog\cl.command.1.tlog
h:\users\mcclay\projects\openglfishing\graphicsprogramming\graphicsprogramming\debug\graphics.0b39da7b.tlog\cl.read.1.tlog
h:\users\mcclay\projects\openglfishing\graphicsprogramming\graphicsprogramming\debug\graphics.0b39da7b.tlog\cl.write.1.tlog
h:\users\mcclay\projects\openglfishing\graphicsprogramming\graphicsprogramming\debug\graphics.0b39da7b.tlog\link.command.1.tlog
h:\users\mcclay\projects\openglfishing\graphicsprogramming\graphicsprogramming\debug\graphics.0b39da7b.tlog\link.delete.1.tlog
h:\users\mcclay\projects\openglfishing\graphicsprogramming\graphicsprogramming\debug\graphics.0b39da7b.tlog\link.read.1.tlog
h:\users\mcclay\projects\openglfishing\graphicsprogramming\graphicsprogramming\debug\graphics.0b39da7b.tlog\link.write.1.tlog
